  Main.cpp
  TestCircularQueueV1.cpp
c:\users\rust\desktop\lynx\lynx\circularqueue\circularqueue_threadsafety_v1\circularqueuev1.hpp(55): warning C4521: “Lynx::CircularQueue_ThreadSafety_V1::CircularQueue<int>”: 指定了多个复制构造函数
  c:\users\rust\desktop\lynx\lynx\test\circularqueue\circularqueue_threadsafety_v1\testcircularqueuev1.cpp(29): note: 参见对正在编译的 类 模板 实例化 "Lynx::CircularQueue_ThreadSafety_V1::CircularQueue<int>" 的引用
c:\users\rust\desktop\lynx\lynx\circularqueue\circularqueue_threadsafety_v1\circularqueuev1.hpp(55): warning C4522: “Lynx::CircularQueue_ThreadSafety_V1::CircularQueue<int>”: 指定了多个赋值运算符
c:\users\rust\desktop\lynx\lynx\circularqueue\circularqueue_threadsafety_v1\circularqueuev1.hpp(55): warning C4521: “Lynx::CircularQueue_ThreadSafety_V1::CircularQueue<std::vector<T,std::allocator<int>>>”: 指定了多个复制构造函数
          with
          [
              T=int
          ]
  c:\users\rust\desktop\lynx\lynx\test\circularqueue\circularqueue_threadsafety_v1\testcircularqueuev1.cpp(118): note: 参见对正在编译的 类 模板 实例化 "Lynx::CircularQueue_ThreadSafety_V1::CircularQueue<std::vector<T,std::allocator<int>>>" 的引用
          with
          [
              T=int
          ]
c:\users\rust\desktop\lynx\lynx\circularqueue\circularqueue_threadsafety_v1\circularqueuev1.hpp(55): warning C4522: “Lynx::CircularQueue_ThreadSafety_V1::CircularQueue<std::vector<T,std::allocator<int>>>”: 指定了多个赋值运算符
          with
          [
              T=int
          ]
c:\users\rust\desktop\lynx\lynx\circularqueue\circularqueue_threadsafety_v1\circularqueuev1.hpp(55): warning C4521: “Lynx::CircularQueue_ThreadSafety_V1::CircularQueue<const char *>”: 指定了多个复制构造函数
  c:\users\rust\desktop\lynx\lynx\test\circularqueue\circularqueue_threadsafety_v1\testcircularqueuev1.cpp(121): note: 参见对正在编译的 类 模板 实例化 "Lynx::CircularQueue_ThreadSafety_V1::CircularQueue<const char *>" 的引用
c:\users\rust\desktop\lynx\lynx\circularqueue\circularqueue_threadsafety_v1\circularqueuev1.hpp(55): warning C4522: “Lynx::CircularQueue_ThreadSafety_V1::CircularQueue<const char *>”: 指定了多个赋值运算符
c:\users\rust\desktop\lynx\lynx\circularqueue\circularqueue_threadsafety_v1\circularqueuev1.hpp(55): warning C4521: “Lynx::CircularQueue_ThreadSafety_V1::CircularQueue<bool>”: 指定了多个复制构造函数
  c:\users\rust\desktop\lynx\lynx\test\circularqueue\circularqueue_threadsafety_v1\testcircularqueuev1.cpp(124): note: 参见对正在编译的 类 模板 实例化 "Lynx::CircularQueue_ThreadSafety_V1::CircularQueue<bool>" 的引用
c:\users\rust\desktop\lynx\lynx\circularqueue\circularqueue_threadsafety_v1\circularqueuev1.hpp(55): warning C4522: “Lynx::CircularQueue_ThreadSafety_V1::CircularQueue<bool>”: 指定了多个赋值运算符
c:\users\rust\desktop\lynx\lynx\circularqueue\circularqueue_threadsafety_v1\circularqueuev1.hpp(55): warning C4521: “Lynx::CircularQueue_ThreadSafety_V1::CircularQueue<std::string>”: 指定了多个复制构造函数
  c:\users\rust\desktop\lynx\lynx\test\circularqueue\circularqueue_threadsafety_v1\testcircularqueuev1.cpp(141): note: 参见对正在编译的 类 模板 实例化 "Lynx::CircularQueue_ThreadSafety_V1::CircularQueue<std::string>" 的引用
c:\users\rust\desktop\lynx\lynx\circularqueue\circularqueue_threadsafety_v1\circularqueuev1.hpp(55): warning C4522: “Lynx::CircularQueue_ThreadSafety_V1::CircularQueue<std::string>”: 指定了多个赋值运算符
  TestCircularQueueV2.cpp
c:\users\rust\desktop\lynx\lynx\circularqueue\circularqueue_threadsafety_v2\circularqueuev2.hpp(49): warning C4521: “Lynx::CircularQueue_ThreadSafety_V2::CircularQueue<int,1>”: 指定了多个复制构造函数
  c:\users\rust\desktop\lynx\lynx\test\circularqueue\circularqueue_threadsafety_v2\testcircularqueuev2.cpp(28): note: 参见对正在编译的 类 模板 实例化 "Lynx::CircularQueue_ThreadSafety_V2::CircularQueue<int,1>" 的引用
c:\users\rust\desktop\lynx\lynx\circularqueue\circularqueue_threadsafety_v2\circularqueuev2.hpp(49): warning C4522: “Lynx::CircularQueue_ThreadSafety_V2::CircularQueue<int,1>”: 指定了多个赋值运算符
c:\users\rust\desktop\lynx\lynx\circularqueue\circularqueue_threadsafety_v2\circularqueuev2.hpp(49): warning C4521: “Lynx::CircularQueue_ThreadSafety_V2::CircularQueue<std::vector<int,std::allocator<int>>,1>”: 指定了多个复制构造函数
  c:\users\rust\desktop\lynx\lynx\test\circularqueue\circularqueue_threadsafety_v2\testcircularqueuev2.cpp(31): note: 参见对正在编译的 类 模板 实例化 "Lynx::CircularQueue_ThreadSafety_V2::CircularQueue<std::vector<int,std::allocator<int>>,1>" 的引用
c:\users\rust\desktop\lynx\lynx\circularqueue\circularqueue_threadsafety_v2\circularqueuev2.hpp(49): warning C4522: “Lynx::CircularQueue_ThreadSafety_V2::CircularQueue<std::vector<int,std::allocator<int>>,1>”: 指定了多个赋值运算符
c:\users\rust\desktop\lynx\lynx\circularqueue\circularqueue_threadsafety_v2\circularqueuev2.hpp(49): warning C4521: “Lynx::CircularQueue_ThreadSafety_V2::CircularQueue<int,2>”: 指定了多个复制构造函数
  c:\users\rust\desktop\lynx\lynx\test\circularqueue\circularqueue_threadsafety_v2\testcircularqueuev2.cpp(74): note: 参见对正在编译的 类 模板 实例化 "Lynx::CircularQueue_ThreadSafety_V2::CircularQueue<int,2>" 的引用
c:\users\rust\desktop\lynx\lynx\circularqueue\circularqueue_threadsafety_v2\circularqueuev2.hpp(49): warning C4522: “Lynx::CircularQueue_ThreadSafety_V2::CircularQueue<int,2>”: 指定了多个赋值运算符
  TestNote.cpp
  TestScopedArr.cpp
c:\users\rust\desktop\lynx\lynx\smartptr\scopedarr.hpp(79): warning C4521: “Lynx::SmartPtr::ScopedArr<int>”: 指定了多个复制构造函数
  c:\users\rust\desktop\lynx\lynx\test\smartptr\testscopedarr.cpp(29): note: 参见对正在编译的 类 模板 实例化 "Lynx::SmartPtr::ScopedArr<int>" 的引用
c:\users\rust\desktop\lynx\lynx\smartptr\scopedarr.hpp(79): warning C4522: “Lynx::SmartPtr::ScopedArr<int>”: 指定了多个赋值运算符
c:\users\rust\desktop\lynx\lynx\smartptr\scopedarr.hpp(79): warning C4521: “Lynx::SmartPtr::ScopedArr<Test::SmartPtr::TestScopedArr::Foo>”: 指定了多个复制构造函数
  c:\users\rust\desktop\lynx\lynx\test\smartptr\testscopedarr.cpp(60): note: 参见对正在编译的 类 模板 实例化 "Lynx::SmartPtr::ScopedArr<Test::SmartPtr::TestScopedArr::Foo>" 的引用
c:\users\rust\desktop\lynx\lynx\smartptr\scopedarr.hpp(79): warning C4522: “Lynx::SmartPtr::ScopedArr<Test::SmartPtr::TestScopedArr::Foo>”: 指定了多个赋值运算符
  TestScopedPtr.cpp
c:\users\rust\desktop\lynx\lynx\smartptr\scopedptr.hpp(84): warning C4521: “Lynx::SmartPtr::ScopedPtr<int>”: 指定了多个复制构造函数
  c:\users\rust\desktop\lynx\lynx\test\smartptr\testscopedptr.cpp(29): note: 参见对正在编译的 类 模板 实例化 "Lynx::SmartPtr::ScopedPtr<int>" 的引用
c:\users\rust\desktop\lynx\lynx\smartptr\scopedptr.hpp(84): warning C4522: “Lynx::SmartPtr::ScopedPtr<int>”: 指定了多个赋值运算符
c:\users\rust\desktop\lynx\lynx\smartptr\scopedptr.hpp(84): warning C4521: “Lynx::SmartPtr::ScopedPtr<Test::SmartPtr::TestScopedPtr::Foo>”: 指定了多个复制构造函数
  c:\users\rust\desktop\lynx\lynx\test\smartptr\testscopedptr.cpp(68): note: 参见对正在编译的 类 模板 实例化 "Lynx::SmartPtr::ScopedPtr<Test::SmartPtr::TestScopedPtr::Foo>" 的引用
c:\users\rust\desktop\lynx\lynx\smartptr\scopedptr.hpp(84): warning C4522: “Lynx::SmartPtr::ScopedPtr<Test::SmartPtr::TestScopedPtr::Foo>”: 指定了多个赋值运算符
  TestMain.cpp
  Tools.cpp
  正在生成代码...
  Lynx.vcxproj -> C:\Users\Rust\Desktop\Lynx\Lynx\x64\Debug\Lynx.exe
